2020-05-06 05:18:03 [scrapy] DEBUG: Crawled (200) <GET https://www.amazon.com/dp/B01LY1WBQN/ref=sr_1_1?dchild=1&keywords=Sofa&qid=1588724272&sr=8-1> (referer: None)
2020-05-06 05:18:03 [scrapy] ERROR: Spider error processing <GET https://www.amazon.com/dp/B01LY1WBQN/ref=sr_1_1?dchild=1&keywords=Sofa&qid=1588724272&sr=8-1> (referer: None)
Traceback (most recent call last):
  File "c:\users\muhammad yasir javed\appdata\local\programs\python\python37\lib\site-packages\scrapy\utils\defer.py", line 117, in iter_errback
    yield next(it)
  File "c:\users\muhammad yasir javed\appdata\local\programs\python\python37\lib\site-packages\scrapy\utils\python.py", line 345, in __next__
    return next(self.data)
  File "c:\users\muhammad yasir javed\appdata\local\programs\python\python37\lib\site-packages\scrapy\utils\python.py", line 345, in __next__
    return next(self.data)
  File "c:\users\muhammad yasir javed\appdata\local\programs\python\python37\lib\site-packages\scrapy\core\spidermw.py", line 64, in _evaluate_iterable
    for r in iterable:
  File "c:\users\muhammad yasir javed\appdata\local\programs\python\python37\lib\site-packages\scrapy\spidermiddlewares\offsite.py", line 29, in process_spider_output
    for x in result:
  File "c:\users\muhammad yasir javed\appdata\local\programs\python\python37\lib\site-packages\scrapy\core\spidermw.py", line 64, in _evaluate_iterable
    for r in iterable:
  File "c:\users\muhammad yasir javed\appdata\local\programs\python\python37\lib\site-packages\scrapy\spidermiddlewares\referer.py", line 338, in <genexpr>
    return (_set_referer(r) for r in result or ())
  File "c:\users\muhammad yasir javed\appdata\local\programs\python\python37\lib\site-packages\scrapy\core\spidermw.py", line 64, in _evaluate_iterable
    for r in iterable:
  File "c:\users\muhammad yasir javed\appdata\local\programs\python\python37\lib\site-packages\scrapy\spidermiddlewares\urllength.py", line 37, in <genexpr>
    return (r for r in result or () if _filter(r))
  File "c:\users\muhammad yasir javed\appdata\local\programs\python\python37\lib\site-packages\scrapy\core\spidermw.py", line 64, in _evaluate_iterable
    for r in iterable:
  File "c:\users\muhammad yasir javed\appdata\local\programs\python\python37\lib\site-packages\scrapy\spidermiddlewares\depth.py", line 58, in <genexpr>
    return (r for r in result or () if _filter(r))
  File "c:\users\muhammad yasir javed\appdata\local\programs\python\python37\lib\site-packages\scrapy\core\spidermw.py", line 64, in _evaluate_iterable
    for r in iterable:
  File "D:\Semester Work\Final Semester\AI\SentimentalAnalysis - Copy\SentimentalAnalysis\sa\sa\spiders\myspider.py", line 39, in parse
    items['price'] = price[0]
IndexError: list index out of range
2020-05-06 05:18:03 [scrapy] INFO: Closing spider (finished)
2020-05-06 05:18:03 [scrapy] INFO: Dumping Scrapy stats:
{'downloader/request_bytes': 358,
 'downloader/request_count': 1,
 'downloader/request_method_count/GET': 1,
 'downloader/response_bytes': 313798,
 'downloader/response_count': 1,
 'downloader/response_status_count/200': 1,
 'elapsed_time_seconds': 2.30784,
 'finish_reason': 'finished',
 'finish_time': datetime.datetime(2020, 5, 6, 0, 18, 3, 432418),
 'log_count/DEBUG': 2,
 'log_count/ERROR': 1,
 'log_count/INFO': 7,
 'log_count/WARNING': 45,
 'response_received_count': 1,
 'scheduler/dequeued': 1,
 'scheduler/dequeued/memory': 1,
 'scheduler/enqueued': 1,
 'scheduler/enqueued/memory': 1,
 'spider_exceptions/IndexError': 1,
 'start_time': datetime.datetime(2020, 5, 6, 0, 18, 1, 124578)}
2020-05-06 05:18:03 [scrapy] INFO: Spider closed (finished)
