2020-05-06 05:15:26 [scrapy] DEBUG: Crawled (200) <GET https://www.amazon.com/UBOXES-Medium-Moving-Inches-BOXBUNDMED20/dp/B002036R0C/ref=sxin_3_osp43-18f33183_cov?ascsubtag=amzn1.osa.18f33183-0227-44e1-a569-cd047ac888b0.ATVPDKIKX0DER.en_US&creativeASIN=B002036R0C&cv_ct_cx=box&cv_ct_id=amzn1.osa.18f33183-0227-44e1-a569-cd047ac888b0.ATVPDKIKX0DER.en_US&cv_ct_pg=search&cv_ct_wn=osp-search&dchild=1&keywords=box&linkCode=oas&pd_rd_i=B002036R0C&pd_rd_r=b750b6d4-d035-4a30-9cd2-8c59f63e1c35&pd_rd_w=RVwxJ&pd_rd_wg=6OMVA&pf_rd_p=ff28ffeb-0bd3-46bd-a00c-4c3cc2d00812&pf_rd_r=ET0TCYZ9KXX5F6927FC3&qid=1588724115&sr=1-1-32a32192-7547-4d9b-b4f8-fe31bfe05040&tag=bgr0a0-20> (referer: None)
2020-05-06 05:15:26 [scrapy] ERROR: Spider error processing <GET https://www.amazon.com/UBOXES-Medium-Moving-Inches-BOXBUNDMED20/dp/B002036R0C/ref=sxin_3_osp43-18f33183_cov?ascsubtag=amzn1.osa.18f33183-0227-44e1-a569-cd047ac888b0.ATVPDKIKX0DER.en_US&creativeASIN=B002036R0C&cv_ct_cx=box&cv_ct_id=amzn1.osa.18f33183-0227-44e1-a569-cd047ac888b0.ATVPDKIKX0DER.en_US&cv_ct_pg=search&cv_ct_wn=osp-search&dchild=1&keywords=box&linkCode=oas&pd_rd_i=B002036R0C&pd_rd_r=b750b6d4-d035-4a30-9cd2-8c59f63e1c35&pd_rd_w=RVwxJ&pd_rd_wg=6OMVA&pf_rd_p=ff28ffeb-0bd3-46bd-a00c-4c3cc2d00812&pf_rd_r=ET0TCYZ9KXX5F6927FC3&qid=1588724115&sr=1-1-32a32192-7547-4d9b-b4f8-fe31bfe05040&tag=bgr0a0-20> (referer: None)
Traceback (most recent call last):
  File "c:\users\muhammad yasir javed\appdata\local\programs\python\python37\lib\site-packages\scrapy\utils\defer.py", line 117, in iter_errback
    yield next(it)
  File "c:\users\muhammad yasir javed\appdata\local\programs\python\python37\lib\site-packages\scrapy\utils\python.py", line 345, in __next__
    return next(self.data)
  File "c:\users\muhammad yasir javed\appdata\local\programs\python\python37\lib\site-packages\scrapy\utils\python.py", line 345, in __next__
    return next(self.data)
  File "c:\users\muhammad yasir javed\appdata\local\programs\python\python37\lib\site-packages\scrapy\core\spidermw.py", line 64, in _evaluate_iterable
    for r in iterable:
  File "c:\users\muhammad yasir javed\appdata\local\programs\python\python37\lib\site-packages\scrapy\spidermiddlewares\offsite.py", line 29, in process_spider_output
    for x in result:
  File "c:\users\muhammad yasir javed\appdata\local\programs\python\python37\lib\site-packages\scrapy\core\spidermw.py", line 64, in _evaluate_iterable
    for r in iterable:
  File "c:\users\muhammad yasir javed\appdata\local\programs\python\python37\lib\site-packages\scrapy\spidermiddlewares\referer.py", line 338, in <genexpr>
    return (_set_referer(r) for r in result or ())
  File "c:\users\muhammad yasir javed\appdata\local\programs\python\python37\lib\site-packages\scrapy\core\spidermw.py", line 64, in _evaluate_iterable
    for r in iterable:
  File "c:\users\muhammad yasir javed\appdata\local\programs\python\python37\lib\site-packages\scrapy\spidermiddlewares\urllength.py", line 37, in <genexpr>
    return (r for r in result or () if _filter(r))
  File "c:\users\muhammad yasir javed\appdata\local\programs\python\python37\lib\site-packages\scrapy\core\spidermw.py", line 64, in _evaluate_iterable
    for r in iterable:
  File "c:\users\muhammad yasir javed\appdata\local\programs\python\python37\lib\site-packages\scrapy\spidermiddlewares\depth.py", line 58, in <genexpr>
    return (r for r in result or () if _filter(r))
  File "c:\users\muhammad yasir javed\appdata\local\programs\python\python37\lib\site-packages\scrapy\core\spidermw.py", line 64, in _evaluate_iterable
    for r in iterable:
  File "D:\Semester Work\Final Semester\AI\SentimentalAnalysis - Copy\SentimentalAnalysis\sa\sa\spiders\myspider.py", line 39, in parse
    items['price'] = price[0]
IndexError: list index out of range
2020-05-06 05:15:26 [scrapy] INFO: Closing spider (finished)
2020-05-06 05:15:26 [scrapy] INFO: Dumping Scrapy stats:
{'downloader/request_bytes': 879,
 'downloader/request_count': 1,
 'downloader/request_method_count/GET': 1,
 'downloader/response_bytes': 274369,
 'downloader/response_count': 1,
 'downloader/response_status_count/200': 1,
 'elapsed_time_seconds': 1.740299,
 'finish_reason': 'finished',
 'finish_time': datetime.datetime(2020, 5, 6, 0, 15, 26, 558403),
 'log_count/DEBUG': 2,
 'log_count/ERROR': 1,
 'log_count/INFO': 7,
 'log_count/WARNING': 45,
 'response_received_count': 1,
 'scheduler/dequeued': 1,
 'scheduler/dequeued/memory': 1,
 'scheduler/enqueued': 1,
 'scheduler/enqueued/memory': 1,
 'spider_exceptions/IndexError': 1,
 'start_time': datetime.datetime(2020, 5, 6, 0, 15, 24, 818104)}
2020-05-06 05:15:26 [scrapy] INFO: Spider closed (finished)
